Build started 10/30/2018 12:35:36 AM.
     1>Project "H:\study\programs\Data Structuer\SINGEL_LINKLIST_IN_C++\SINGEL_LINKLIST_IN_C++\SINGEL_LINKLIST_IN_C++.vcxproj" on node 2 (build target(s)).
     1>InitializeBuildStatus:
         Creating "Debug\SINGEL_LINKLIST_IN_C++.unsuccessfulbuild" because "AlwaysCreate" was specified.
       ClCompile:
         C:\Program Files (x86)\Microsoft Visual Studio 10.0\VC\bin\CL.exe /c /ZI /nologo /W3 /WX- /Od /Oy- /D WIN32 /D _DEBUG /D _CONSOLE /D _UNICODE /D UNICODE /Gm /EHsc /RTC1 /MDd /GS /fp:precise /Zc:wchar_t /Zc:forScope /Fo"Debug\\" /Fd"Debug\vc100.pdb" /Gd /TP /analyze- /errorReport:prompt Node_Implementation.cpp
         Node_Implementation.cpp
       ManifestResourceCompile:
         All outputs are up-to-date.
       Link:
         C:\Program Files (x86)\Microsoft Visual Studio 10.0\VC\bin\link.exe /ERRORREPORT:PROMPT /OUT:"H:\study\programs\Data Structuer\SINGEL_LINKLIST_IN_C++\Debug\SINGEL_LINKLIST_IN_C++.exe" /INCREMENTAL /NOLOGO kernel32.lib user32.lib gdi32.lib winspool.lib comdlg32.lib advapi32.lib shell32.lib ole32.lib oleaut32.lib uuid.lib odbc32.lib odbccp32.lib /MANIFEST /ManifestFile:"Debug\SINGEL_LINKLIST_IN_C++.exe.intermediate.manifest" /MANIFESTUAC:"level='asInvoker' uiAccess='false'" /DEBUG /PDB:"H:\study\programs\Data Structuer\SINGEL_LINKLIST_IN_C++\Debug\SINGEL_LINKLIST_IN_C++.pdb" /SUBSYSTEM:CONSOLE /TLBID:1 /DYNAMICBASE /NXCOMPAT /IMPLIB:"H:\study\programs\Data Structuer\SINGEL_LINKLIST_IN_C++\Debug\SINGEL_LINKLIST_IN_C++.lib" /MACHINE:X86 Debug\SINGEL_LINKLIST_IN_C++.exe.embed.manifest.res
         Debug\main_File.obj
         Debug\Node_Implementation.obj
       Manifest:
         C:\Program Files (x86)\Microsoft SDKs\Windows\v7.0A\bin\mt.exe /nologo /verbose /out:"Debug\SINGEL_LINKLIST_IN_C++.exe.embed.manifest" /manifest Debug\SINGEL_LINKLIST_IN_C++.exe.intermediate.manifest
         All outputs are up-to-date.
       LinkEmbedManifest:
         All outputs are up-to-date.
         SINGEL_LINKLIST_IN_C++.vcxproj -> H:\study\programs\Data Structuer\SINGEL_LINKLIST_IN_C++\Debug\SINGEL_LINKLIST_IN_C++.exe
       FinalizeBuildStatus:
         Deleting file "Debug\SINGEL_LINKLIST_IN_C++.unsuccessfulbuild".
         Touching "Debug\SINGEL_LINKLIST_IN_C++.lastbuildstate".
     1>Done Building Project "H:\study\programs\Data Structuer\SINGEL_LINKLIST_IN_C++\SINGEL_LINKLIST_IN_C++\SINGEL_LINKLIST_IN_C++.vcxproj" (build target(s)).

Build succeeded.

Time Elapsed 00:00:02.12
